<?xml version="1.0" encoding="UTF-8"?>
<!-- Generated by org.testng.reporters.JUnitReportReporter -->
<testsuite hostname="EPBYMINW3159" name="tests.MailCreationTest" tests="2" failures="0" timestamp="1 Aug 2018 08:06:48 GMT" time="18.289" errors="0">
  <testcase name="mailRuMailCreationTest" time="4.854" classname="tests.MailCreationTest"/>
  <testcase name="mailRuLoginTest" time="13.435" classname="tests.MailCreationTest"/>
</testsuite> <!-- tests.MailCreationTest -->
