<?xml version="1.0" encoding="UTF-8"?>
<!-- Generated by org.testng.reporters.JUnitReportReporter -->
<testsuite hostname="EPBYMINW3159" name="tests.MailCreationTest" tests="2" failures="0" timestamp="1 Aug 2018 14:52:27 GMT" time="21.291" errors="0">
  <testcase name="mailRuLoginTest" time="15.694" classname="tests.MailCreationTest"/>
  <testcase name="mailRuMailCreationTest" time="5.597" classname="tests.MailCreationTest"/>
</testsuite> <!-- tests.MailCreationTest -->
