<?xml version="1.0" encoding="UTF-8"?>
<!-- Generated by org.testng.reporters.JUnitReportReporter -->
<testsuite hostname="EPBYMINW3159" name="tests.MailDeleteTest" tests="2" failures="0" timestamp="1 Aug 2018 08:06:48 GMT" time="36.741" errors="0">
  <testcase name="dragNDropMailTest" time="8.547" classname="tests.MailDeleteTest"/>
  <testcase name="mailRuMailDeleteTest" time="28.194" classname="tests.MailDeleteTest"/>
</testsuite> <!-- tests.MailDeleteTest -->
