<?xml version="1.0" encoding="UTF-8"?>
<!-- Generated by org.testng.reporters.JUnitReportReporter -->
<testsuite hostname="EPBYMINW3159" name="tests.MailSendTest" tests="1" failures="0" timestamp="1 Aug 2018 14:52:27 GMT" time="41.830" errors="0">
  <testcase name="mailRuMailSendingTest" time="41.830" classname="tests.MailSendTest"/>
</testsuite> <!-- tests.MailSendTest -->
