<?xml version="1.0" encoding="UTF-8"?>
<!-- Generated by org.testng.reporters.JUnitReportReporter -->
<testsuite hostname="EPBYMINW3159" name="tests.MailDeleteViaActionJS" tests="1" failures="0" timestamp="1 Aug 2018 15:33:44 GMT" time="22.645" errors="0">
  <testcase name="actionsTest" time="22.645" classname="tests.MailDeleteViaActionJS"/>
</testsuite> <!-- tests.MailDeleteViaActionJS -->
