<?xml version="1.0" encoding="UTF-8"?>
<!-- Generated by org.testng.reporters.JUnitReportReporter -->
<testsuite hostname="EPBYMINW3159" name="tests.MailDeleteTest" tests="2" failures="0" timestamp="1 Aug 2018 14:52:27 GMT" time="36.718" errors="0">
  <testcase name="dragNDropMailTest" time="6.429" classname="tests.MailDeleteTest"/>
  <testcase name="mailRuMailDeleteTest" time="30.289" classname="tests.MailDeleteTest"/>
</testsuite> <!-- tests.MailDeleteTest -->
